  Building Custom Rule C:/Users/gbrill/catkin_ws/src/rplidar_ros/CMakeLists.txt
  CMake does not need to re-run because C:/Users/gbrill/catkin_ws/src/rplidar_ros/CMakeFiles/generate.stamp is up-to-date.
  node.cpp
c:\opt\ros\melodic\x64\include\ros\message_traits.h(42): warning C4996: 'std::allocator<void>': warning STL4009: std::allocator<void> is deprecated in C++17. You can define _SILENCE_CXX17_ALLOCATOR_VOID_DEPRECATION_WARNING or _SILENCE_ALL_CXX17_DEPRECATION_WARNINGS to acknowledge that you have received this warning.
  c:\program files (x86)\microsoft visual studio\2017\professional\vc\tools\msvc\14.16.27023\include\xmemory0(1029): note: see declaration of 'std::allocator<void>'
c:\opt\ros\melodic\x64\include\std_msgs\header.h(58): warning C4996: 'std::allocator<void>': warning STL4009: std::allocator<void> is deprecated in C++17. You can define _SILENCE_CXX17_ALLOCATOR_VOID_DEPRECATION_WARNING or _SILENCE_ALL_CXX17_DEPRECATION_WARNINGS to acknowledge that you have received this warning.
  c:\program files (x86)\microsoft visual studio\2017\professional\vc\tools\msvc\14.16.27023\include\xmemory0(1029): note: see declaration of 'std::allocator<void>'
c:\opt\ros\melodic\x64\include\sensor_msgs\laserscan.h(94): warning C4996: 'std::allocator<void>': warning STL4009: std::allocator<void> is deprecated in C++17. You can define _SILENCE_CXX17_ALLOCATOR_VOID_DEPRECATION_WARNING or _SILENCE_ALL_CXX17_DEPRECATION_WARNINGS to acknowledge that you have received this warning.
  c:\program files (x86)\microsoft visual studio\2017\professional\vc\tools\msvc\14.16.27023\include\xmemory0(1029): note: see declaration of 'std::allocator<void>'
c:\opt\ros\melodic\x64\include\std_srvs\emptyrequest.h(45): warning C4996: 'std::allocator<void>': warning STL4009: std::allocator<void> is deprecated in C++17. You can define _SILENCE_CXX17_ALLOCATOR_VOID_DEPRECATION_WARNING or _SILENCE_ALL_CXX17_DEPRECATION_WARNINGS to acknowledge that you have received this warning.
  c:\program files (x86)\microsoft visual studio\2017\professional\vc\tools\msvc\14.16.27023\include\xmemory0(1029): note: see declaration of 'std::allocator<void>'
c:\opt\ros\melodic\x64\include\std_srvs\emptyresponse.h(45): warning C4996: 'std::allocator<void>': warning STL4009: std::allocator<void> is deprecated in C++17. You can define _SILENCE_CXX17_ALLOCATOR_VOID_DEPRECATION_WARNING or _SILENCE_ALL_CXX17_DEPRECATION_WARNINGS to acknowledge that you have received this warning.
  c:\program files (x86)\microsoft visual studio\2017\professional\vc\tools\msvc\14.16.27023\include\xmemory0(1029): note: see declaration of 'std::allocator<void>'
c:\users\gbrill\catkin_ws\src\rplidar_ros\sdk\include\rplidar_protocol.h(59): warning C4200: nonstandard extension used: zero-sized array in struct/union
  c:\users\gbrill\catkin_ws\src\rplidar_ros\sdk\include\rplidar_protocol.h(59): note: This member will be ignored by a defaulted constructor or copy/move assignment operator
c:\users\gbrill\catkin_ws\src\rplidar_ros\sdk\include\rplidar_cmd.h(256): warning C4200: nonstandard extension used: zero-sized array in struct/union
  c:\users\gbrill\catkin_ws\src\rplidar_ros\sdk\include\rplidar_cmd.h(256): note: This member will be ignored by a defaulted constructor or copy/move assignment operator
  DLL_EXPORT not defined
c:\users\gbrill\catkin_ws\src\rplidar_ros\src\node.cpp(81): warning C4305: '=': truncation from 'double' to 'sensor_msgs::LaserScan_<std::allocator<void>>::_range_min_type'
c:\users\gbrill\catkin_ws\src\rplidar_ros\src\node.cpp(324): warning C4305: 'initializing': truncation from 'double' to 'float'
c:\users\gbrill\catkin_ws\src\rplidar_ros\src\node.cpp(336): warning C4018: '<': signed/unsigned mismatch
c:\users\gbrill\catkin_ws\src\rplidar_ros\src\node.cpp(374): warning C4305: 'initializing': truncation from 'double' to 'float'
c:\opt\ros\melodic\x64\include\ros\serialization.h(385): warning C4996: 'std::allocator<_Ty>::rebind<T>::other': warning STL4010: Various members of std::allocator are deprecated in C++17. Use std::allocator_traits instead of accessing these members directly. You can define _SILENCE_CXX17_OLD_ALLOCATOR_MEMBERS_DEPRECATION_WARNING or _SILENCE_ALL_CXX17_DEPRECATION_WARNINGS to acknowledge that you have received this warning.
          with
          [
              _Ty=float,
              T=float
          ]
  c:\program files (x86)\microsoft visual studio\2017\professional\vc\tools\msvc\14.16.27023\include\xmemory0(966): note: see declaration of 'std::allocator<_Ty>::rebind<T>::other'
          with
          [
              _Ty=float,
              T=float
          ]
  c:\opt\ros\melodic\x64\include\ros\serialization.h(494): note: see reference to class template instantiation 'ros::serialization::VectorSerializer<T,ContainerAllocator,void>' being compiled
          with
          [
              T=float,
              ContainerAllocator=std::allocator<float>
          ]
  c:\opt\ros\melodic\x64\include\ros\serialization.h(779): note: see reference to function template instantiation 'uint32_t ros::serialization::serializationLength<float,std::allocator<_Ty>>(const std::vector<_Ty,std::allocator<_Ty>> &)' being compiled
          with
          [
              _Ty=float
          ]
  c:\opt\ros\melodic\x64\include\sensor_msgs\laserscan.h(258): note: see reference to function template instantiation 'void ros::serialization::LStream::next<std::vector<float,std::allocator<_Ty>>>(const T &)' being compiled
          with
          [
              _Ty=float,
              T=std::vector<float,std::allocator<float>>
          ]
  c:\opt\ros\melodic\x64\include\sensor_msgs\laserscan.h(262): note: see reference to function template instantiation 'void ros::serialization::Serializer<T>::allInOne<ros::serialization::LStream,const T&>(Stream &,const sensor_msgs::LaserScan_<std::allocator<void>>&)' being compiled
          with
          [
              T=sensor_msgs::LaserScan,
              Stream=ros::serialization::LStream
          ]
  c:\opt\ros\melodic\x64\include\sensor_msgs\laserscan.h(262): note: see reference to function template instantiation 'void ros::serialization::Serializer<T>::allInOne<ros::serialization::LStream,const T&>(Stream &,const sensor_msgs::LaserScan_<std::allocator<void>>&)' being compiled
          with
          [
              T=sensor_msgs::LaserScan,
              Stream=ros::serialization::LStream
          ]
  c:\opt\ros\melodic\x64\include\ros\serialization.h(172): note: see reference to function template instantiation 'uint32_t ros::serialization::Serializer<T>::serializedLength<T>(const T &)' being compiled
          with
          [
              T=sensor_msgs::LaserScan
          ]
  c:\opt\ros\melodic\x64\include\ros\serialization.h(172): note: see reference to function template instantiation 'uint32_t ros::serialization::Serializer<T>::serializedLength<T>(const T &)' being compiled
          with
          [
              T=sensor_msgs::LaserScan
          ]
  c:\opt\ros\melodic\x64\include\ros\serialization.h(808): note: see reference to function template instantiation 'uint32_t ros::serialization::serializationLength<M>(const T &)' being compiled
          with
          [
              M=sensor_msgs::LaserScan,
              T=sensor_msgs::LaserScan
          ]
  c:\opt\ros\melodic\x64\include\ros\publisher.h(118): note: see reference to function template instantiation 'ros::SerializedMessage ros::serialization::serializeMessage<M>(const M &)' being compiled
          with
          [
              M=sensor_msgs::LaserScan
          ]
  c:\users\gbrill\catkin_ws\src\rplidar_ros\src\node.cpp(107): note: see reference to function template instantiation 'void ros::Publisher::publish<sensor_msgs::LaserScan>(const M &) const' being compiled
          with
          [
              M=sensor_msgs::LaserScan
          ]
  c:\opt\rosdeps\x64\include\boost-1_66\boost\bind\placeholders.hpp(54): note: see reference to class template instantiation 'boost::arg<9>' being compiled
  c:\opt\rosdeps\x64\include\boost-1_66\boost\bind\placeholders.hpp(53): note: see reference to class template instantiation 'boost::arg<8>' being compiled
  c:\opt\rosdeps\x64\include\boost-1_66\boost\bind\placeholders.hpp(52): note: see reference to class template instantiation 'boost::arg<7>' being compiled
  c:\opt\rosdeps\x64\include\boost-1_66\boost\bind\placeholders.hpp(51): note: see reference to class template instantiation 'boost::arg<6>' being compiled
  c:\opt\rosdeps\x64\include\boost-1_66\boost\bind\placeholders.hpp(50): note: see reference to class template instantiation 'boost::arg<5>' being compiled
  c:\opt\rosdeps\x64\include\boost-1_66\boost\bind\placeholders.hpp(49): note: see reference to class template instantiation 'boost::arg<4>' being compiled
  c:\opt\rosdeps\x64\include\boost-1_66\boost\bind\placeholders.hpp(48): note: see reference to class template instantiation 'boost::arg<3>' being compiled
  c:\opt\rosdeps\x64\include\boost-1_66\boost\bind\placeholders.hpp(47): note: see reference to class template instantiation 'boost::arg<2>' being compiled
  c:\opt\rosdeps\x64\include\boost-1_66\boost\bind\placeholders.hpp(46): note: see reference to class template instantiation 'boost::arg<1>' being compiled
  net_serial.cpp
c:\users\gbrill\catkin_ws\src\rplidar_ros\sdk\include\rplidar_protocol.h(59): warning C4200: nonstandard extension used: zero-sized array in struct/union
  c:\users\gbrill\catkin_ws\src\rplidar_ros\sdk\include\rplidar_protocol.h(59): note: This member will be ignored by a defaulted constructor or copy/move assignment operator
c:\users\gbrill\catkin_ws\src\rplidar_ros\sdk\include\rplidar_cmd.h(256): warning C4200: nonstandard extension used: zero-sized array in struct/union
  c:\users\gbrill\catkin_ws\src\rplidar_ros\sdk\include\rplidar_cmd.h(256): note: This member will be ignored by a defaulted constructor or copy/move assignment operator
  net_socket.cpp
c:\users\gbrill\catkin_ws\src\rplidar_ros\sdk\include\rplidar_protocol.h(59): warning C4200: nonstandard extension used: zero-sized array in struct/union
  c:\users\gbrill\catkin_ws\src\rplidar_ros\sdk\include\rplidar_protocol.h(59): note: This member will be ignored by a defaulted constructor or copy/move assignment operator
c:\users\gbrill\catkin_ws\src\rplidar_ros\sdk\include\rplidar_cmd.h(256): warning C4200: nonstandard extension used: zero-sized array in struct/union
  c:\users\gbrill\catkin_ws\src\rplidar_ros\sdk\include\rplidar_cmd.h(256): note: This member will be ignored by a defaulted constructor or copy/move assignment operator
  timer.cpp
c:\users\gbrill\catkin_ws\src\rplidar_ros\sdk\include\rplidar_protocol.h(59): warning C4200: nonstandard extension used: zero-sized array in struct/union
  c:\users\gbrill\catkin_ws\src\rplidar_ros\sdk\include\rplidar_protocol.h(59): note: This member will be ignored by a defaulted constructor or copy/move assignment operator
c:\users\gbrill\catkin_ws\src\rplidar_ros\sdk\include\rplidar_cmd.h(256): warning C4200: nonstandard extension used: zero-sized array in struct/union
  c:\users\gbrill\catkin_ws\src\rplidar_ros\sdk\include\rplidar_cmd.h(256): note: This member will be ignored by a defaulted constructor or copy/move assignment operator
  thread.cpp
c:\users\gbrill\catkin_ws\src\rplidar_ros\sdk\include\rplidar_protocol.h(59): warning C4200: nonstandard extension used: zero-sized array in struct/union
  c:\users\gbrill\catkin_ws\src\rplidar_ros\sdk\include\rplidar_protocol.h(59): note: This member will be ignored by a defaulted constructor or copy/move assignment operator
c:\users\gbrill\catkin_ws\src\rplidar_ros\sdk\include\rplidar_cmd.h(256): warning C4200: nonstandard extension used: zero-sized array in struct/union
  c:\users\gbrill\catkin_ws\src\rplidar_ros\sdk\include\rplidar_cmd.h(256): note: This member will be ignored by a defaulted constructor or copy/move assignment operator
  rplidar_driver.cpp
c:\users\gbrill\catkin_ws\src\rplidar_ros\sdk\include\rplidar_protocol.h(59): warning C4200: nonstandard extension used: zero-sized array in struct/union
  c:\users\gbrill\catkin_ws\src\rplidar_ros\sdk\include\rplidar_protocol.h(59): note: This member will be ignored by a defaulted constructor or copy/move assignment operator
c:\users\gbrill\catkin_ws\src\rplidar_ros\sdk\include\rplidar_cmd.h(256): warning C4200: nonstandard extension used: zero-sized array in struct/union
  c:\users\gbrill\catkin_ws\src\rplidar_ros\sdk\include\rplidar_cmd.h(256): note: This member will be ignored by a defaulted constructor or copy/move assignment operator
c:\users\gbrill\catkin_ws\src\rplidar_ros\sdk\src\rplidar_driver.cpp(2014): warning C4267: 'initializing': conversion from 'size_t' to '_u8', possible loss of data
  Generating Code...
roscpp.lib(roscpp.dll) : fatal error LNK1112: module machine type 'x64' conflicts with target machine type 'x86'
